```

```markdown
https://www.google.com

Gmail Images

Google

Google Search I'm Feeling Lucky

Google offered in: Netherlands Frys

Netherlands

About Advertising Business How Search works

Privacy Terms Settings

```

```markdown
JS test.js > ...
55
56

```

```markdown
https://www.google.com

Gmail Images

Google

Google Search I'm Feeling Lucky

Google offered in: Netherlands Frys

Netherlands

About Advertising Business How Search works

Privacy Terms Settings

```

```markdown
JS test.js > ...
55
56

```

```markdown
https://www.google.com

Gmail Images

Google

Google Search I'm Feeling Lucky

Google offered in: Netherlands Frys

Netherlands

About Advertising Business How Search works

Privacy Terms Settings

```

```markdown
JS test.js > ...
55
56

```

```markdown
https://www.google.com

Gmail Images

Google

Google Search I'm Feeling Lucky

Google offered in: Netherlands Frys

Netherlands

About Advertising Business How Search works

Privacy Terms Settings

```

```markdown
JS test.js > ...
55
56

```

```markdown
https://www.google.com

Gmail Images

Google

Google Search I'm Feeling Lucky

Google offered in: Netherlands Frys

Netherlands

About Advertising Business How Search works

Privacy Terms Settings

```

```markdown
JS test.js > ...
55
56

```

```markdown
https://www.google.com

Gmail Images

Google

Google Search I'm Feeling Lucky

Google offered in: Netherlands Frys

Netherlands

About Advertising Business How Search works

Privacy Terms Settings

```

```markdown
JS test.js > ...
55
56

```

```markdown
https://www.google.com

Gmail Images

Google

Google Search I'm Feeling Lucky

Google offered in: Netherlands Frys

Netherlands

About Advertising Business How Search works

Privacy Terms Settings

```

```markdown
JS test.js > ...
55
56

```

```markdown
https://www.google.com

Gmail Images

Google

Google Search I'm Feeling Lucky

Google offered in: Netherlands Frys

Netherlands

About Advertising Business How Search works

Privacy Terms Settings

```

```markdown
JS test.js > ...
55
56

```

```markdown
https://www.google.com

Gmail Images

Google

Google Search I'm Feeling Lucky

Google offered in: Netherlands Frys

Netherlands

About Advertising Business How Search works

Privacy Terms Settings

```

```markdown
JS test.js > ...
55
56

```

```markdown
https://www.google.com

Gmail Images

Google

Google Search I'm Feeling Lucky

Google offered in: Netherlands Frys

Netherlands

About Advertising Business How Search works

Privacy Terms Settings

```

```markdown
JS test.js > ...
55
56

```

```markdown
https://www.google.com

Gmail Images

Google

Google Search I'm Feeling Lucky

Google offered in: Netherlands Frys

Netherlands

About Advertising Business How Search works

Privacy Terms Settings

```

```markdown
JS test.js > ...
55
56

```

```markdown
https://www.google.com

Gmail Images

Google

Google Search I'm Feeling Lucky

Google offered in: Netherlands Frys

Netherlands

About Advertising Business How Search works

Privacy Terms Settings

```

```markdown
JS test.js > ...
55
56

```

```markdown
https://www.google.com

Gmail Images

Google

Google Search I'm Feeling Lucky

Google offered in: Netherlands Frys

Netherlands

About Advertising Business How Search works

Privacy Terms Settings

```

```markdown
JS test.js > ...
55
56

```

```markdown
https://www.google.com

Gmail Images

Google

Google Search I'm Feeling Lucky

Google offered in: Netherlands Frys

Netherlands

About Advertising Business How Search works

Privacy Terms Settings

```

```markdown
JS test.js > ...
55
56

```

```markdown
https://www.google.com

Gmail Images

Google

Google Search I'm Feeling Lucky

Google offered in: Netherlands Frys

Netherlands

About Advertising Business How Search works

Privacy Terms Settings

```

```markdown
JS test.js > ...
55
56

```

```markdown
https://www.google.com

Gmail Images

Google

Google Search I'm Feeling Lucky

Google offered in: Netherlands Frys

Netherlands

About Advertising Business How Search works

Privacy Terms Settings

```

```markdown
JS test.js > ...
55
56

```

```markdown
https://www.google.com

Gmail Images

Google

Google Search I'm Feeling Lucky

Google offered in: Netherlands Frys

Netherlands

About Advertising Business How Search works

Privacy Terms Settings

```

```markdown
JS test.js > ...
55
56

```

```markdown
https://www.google.com

Gmail Images

Google

Google Search I'm Feeling Lucky

Google offered in: Netherlands Frys

Netherlands

About Advertising Business How Search works

Privacy Terms Settings


[Image of a person with a microphone, wearing a grey hoodie, with a green-lit background. The person is gesturing with both hands, fingers spread, and appears to be speaking or reacting to something.]
```Based on the sequence of images, here is a detailed description of the user's actions:

- The user is working within a video editing application (likely Final Cut Pro) and is in the process of synchronizing and organizing media clips for a project dated "2 Jan 2024".
- They initiate the synchronization of multiple clips, including a screen recording and an audio track, by opening a dialog box to set the "Synchronized Clip Name" and confirming the event date.
- The user then creates a new "Multicam Clip" named "video", again using the audio for synchronization, which will allow them to switch between different camera angles or sources during editing.
- After creating the multicam clip, the user arranges the clips in the timeline, selecting and previewing them to ensure proper synchronization and alignment.
- The user is actively editing a video that features both screen recordings (showing a browser with a YouTube page and a code editor) and a live camera feed of themselves speaking into a microphone.
- Throughout the process, the user is seen interacting with the video content, making gestures (such as pointing with their fingers) while speaking, indicating they are likely recording or presenting the final video.2025-12-13 00:11:33,978 - INFO - Processing update from Retro
2025-12-13 00:11:33,979 - INFO - Added observation 0f8c759e-9002-44ba-be0b-5717f9294788 to queue (size: 3)
2025-12-13 00:11:34,029 - [VIA-RETRO] - Processing [458/468]: [tutorial] 20251203_000645.jpg
2025-12-13 00:11:34,029 - [VIA-RETRO] - Processing screenshot: /workspaces/ws/data/shared/screenshots/tutorial/20251203_000645.jpg
2025-12-13 00:11:34,030 - [VIA-RETRO] - Sending 1 image(s) to vision API
2025-12-13 00:11:34 [INVOKE] [Retro Transcription] sent, img_paths: ['/workspaces/ws/data/shared/screenshots/tutorial/20251203_000645.jpg']
2025-12-13 00:11:35 [INVOKE] [Retro Transcription] received
2025-12-13 00:11:35,521 - [VIA-RETRO] - 

▇▇▇▇▇▇▇▇▇▇▇▇▇▇▇▇▇▇▇▇▇▇▇▇▇▇▇▇▇▇▇▇▇▇▇▇▇▇▇▇▇▇▇▇▇▇▇▇▇▇▇▇▇▇▇▇▇▇▇▇
For: 
['/workspaces/ws/data/shared/screenshots/tutorial/20251203_000645.jpg'] 

 ▇ ▇ ▇ ▇ ▇ ▇ ▇ ▇ ▇ ▇ ▇ ▇ ▇ ▇ ▇ ▇ ▇ ▇ ▇ ▇ ▇ ▇ ▇ ▇ ▇ ▇ ▇ ▇ ▇ ▇  

 Received:
 There is no screen content to transcribe. The image provided is a photograph of a person in a room,  
▇▇▇▇▇▇▇▇▇▇▇▇▇▇▇▇▇▇▇▇▇▇▇▇▇▇▇▇▇▇▇▇▇▇▇▇▇▇▇▇▇▇▇▇▇▇▇▇▇▇▇▇▇▇▇▇▇▇▇▇

2025-12-13 00:11:35,526 - [VIA-RETRO] - Sending 10 image(s) to vision API
2025-12-13 00:11:35 [INVOKE] [Retro Summary] sent, img_paths: ['/workspaces/ws/data/shared/screenshots/tutorial/20251203_000600.jpg', '/workspaces/ws/data/shared/screenshots/tutorial/20251203_000605.jpg', '/workspaces/ws/data/shared/screenshots/tutorial/20251203_000610.jpg', '/workspaces/ws/data/shared/screenshots/tutorial/20251203_000615.jpg', '/workspaces/ws/data/shared/screenshots/tutorial/20251203_000620.jpg', '/workspaces/ws/data/shared/screenshots/tutorial/20251203_000625.jpg', '/workspaces/ws/data/shared/screenshots/tutorial/20251203_000630.jpg', '/workspaces/ws/data/shared/screenshots/tutorial/20251203_000635.jpg', '/workspaces/ws/data/shared/screenshots/tutorial/20251203_000640.jpg', '/workspaces/ws/data/shared/screenshots/tutorial/20251203_000645.jpg']
2025-12-13 00:11:43 [INVOKE] [Retro Summary] received
2025-12-13 00:11:43,574 - [VIA-RETRO] - 

▇▇▇▇▇▇▇▇▇▇▇▇▇▇▇▇▇▇▇▇▇▇▇▇▇▇▇▇▇▇▇▇▇▇▇▇▇▇▇▇▇▇▇▇▇▇▇▇▇▇▇▇▇▇▇▇▇▇▇▇
For: 
['/workspaces/ws/data/shared/screenshots/tutorial/20251203_000600.jpg', '/workspaces/ws/data/shared/screenshots/tutorial/20251203_000605.jpg', '/workspaces/ws/data/shared/screenshots/tutorial/20251203_000610.jpg', '/workspaces/ws/data/shared/screenshots/tutorial/20251203_000615.jpg', '/workspaces/ws/data/shared/screenshots/tutorial/20251203_000620.jpg', '/workspaces/ws/data/shared/screenshots/tutorial/20251203_000625.jpg', '/workspaces/ws/data/shared/screenshots/tutorial/20251203_000630.jpg', '/workspaces/ws/data/shared/screenshots/tutorial/20251203_000635.jpg', '/workspaces/ws/data/shared/screenshots/tutorial/20251203_000640.jpg', '/workspaces/ws/data/shared/screenshots/tutorial/20251203_000645.jpg'] 

 ▇ ▇ ▇ ▇ ▇ ▇ ▇ ▇ ▇ ▇ ▇ ▇ ▇ ▇ ▇ ▇ ▇ ▇ ▇ ▇ ▇ ▇ ▇ ▇ ▇ ▇ ▇ ▇ ▇ ▇  

 Received:
 - The user is editing a video project in Final Cut Pro, as indicated by the timeline, media browser, 
▇▇▇▇▇▇▇▇▇▇▇▇▇▇▇▇▇▇▇▇▇▇▇▇▇▇▇▇▇▇▇▇▇▇▇▇▇▇▇▇▇▇▇▇▇▇▇▇▇▇▇▇▇▇▇▇▇▇▇▇

2025-12-13 00:11:43,575 - [VIA-RETRO] - 
============================================================
Result: [tutorial] There is no screen content to transcribe. The image provided is a photograph of a person 
============================================================

2025-12-13 00:11:43,575 - INFO - Processing update from Retro
2025-12-13 00:11:43,575 - INFO - Added observation d7e30c82-9c83-4fab-b9cd-9e0d61155554 to queue (size: 4)
2025-12-13 00:11:43,625 - [VIA-RETRO] - Processing [459/468]: [tutorial] 20251203_000650.jpg
2025-12-13 00:11:43,625 - [VIA-RETRO] - Processing screenshot: /workspaces/ws/data/shared/screenshots/tutorial/20251203_000650.jpg
2025-12-13 00:11:43,626 - [VIA-RETRO] - Sending 1 image(s) to vision API
2025-12-13 00:11:43 [INVOKE] [Retro Transcription] sent, img_paths: ['/workspaces/ws/data/shared/screenshots/tutorial/20251203_000650.jpg']
2025-12-13 00:11:45 [INVOKE] [Retro Transcription] received
2025-12-13 00:11:45,419 - [VIA-RETRO] - 

▇▇▇▇▇▇▇▇▇▇▇▇▇▇▇▇▇▇▇▇▇▇▇▇▇▇▇▇▇▇▇▇▇▇▇▇▇▇▇▇▇▇▇▇▇▇▇▇▇▇▇▇▇▇▇▇▇▇▇▇
For: 
['/workspaces/ws/data/shared/screenshots/tutorial/20251203_000650.jpg'] 

 ▇ ▇ ▇ ▇ ▇ ▇ ▇ ▇ ▇ ▇ ▇ ▇ ▇ ▇ ▇ ▇ ▇ ▇ ▇ ▇ ▇ ▇ ▇ ▇ ▇ ▇ ▇ ▇ ▇ ▇  

 Received:
 There is no screen content to transcribe. The image provided is a photograph of a person in a room,  
▇▇▇▇▇▇▇▇▇▇▇▇▇▇▇▇▇▇▇▇▇▇▇▇▇▇▇▇▇▇▇▇▇▇▇▇▇▇▇▇▇▇▇▇▇▇▇▇▇▇▇▇▇▇▇▇▇▇▇▇

2025-12-13 00:11:45,424 - [VIA-RETRO] - Sending 10 image(s) to vision API
2025-12-13 00:11:45 [INVOKE] [Retro Summary] sent, img_paths: ['/workspaces/ws/data/shared/screenshots/tutorial/20251203_000605.jpg', '/workspaces/ws/data/shared/screenshots/tutorial/20251203_000610.jpg', '/workspaces/ws/data/shared/screenshots/tutorial/20251203_000615.jpg', '/workspaces/ws/data/shared/screenshots/tutorial/20251203_000620.jpg', '/workspaces/ws/data/shared/screenshots/tutorial/20251203_000625.jpg', '/workspaces/ws/data/shared/screenshots/tutorial/20251203_000630.jpg', '/workspaces/ws/data/shared/screenshots/tutorial/20251203_000635.jpg', '/workspaces/ws/data/shared/screenshots/tutorial/20251203_000640.jpg', '/workspaces/ws/data/shared/screenshots/tutorial/20251203_000645.jpg', '/workspaces/ws/data/shared/screenshots/tutorial/20251203_000650.jpg']
2025-12-13 00:11:53 [INVOKE] [Retro Summary] received
2025-12-13 00:11:53,831 - [VIA-RETRO] - 

▇▇▇▇▇▇▇▇▇▇▇▇▇▇▇▇▇▇▇▇▇▇▇▇▇▇▇▇▇▇▇▇▇▇▇▇▇▇▇▇▇▇▇▇▇▇▇▇▇▇▇▇▇▇▇▇▇▇▇▇
For: 
['/workspaces/ws/data/shared/screenshots/tutorial/20251203_000605.jpg', '/workspaces/ws/data/shared/screenshots/tutorial/20251203_000610.jpg', '/workspaces/ws/data/shared/screenshots/tutorial/20251203_000615.jpg', '/workspaces/ws/data/shared/screenshots/tutorial/20251203_000620.jpg', '/workspaces/ws/data/shared/screenshots/tutorial/20251203_000625.jpg', '/workspaces/ws/data/shared/screenshots/tutorial/20251203_000630.jpg', '/workspaces/ws/data/shared/screenshots/tutorial/20251203_000635.jpg', '/workspaces/ws/data/shared/screenshots/tutorial/20251203_000640.jpg', '/workspaces/ws/data/shared/screenshots/tutorial/20251203_000645.jpg', '/workspaces/ws/data/shared/screenshots/tutorial/20251203_000650.jpg'] 

 ▇ ▇ ▇ ▇ ▇ ▇ ▇ ▇ ▇ ▇ ▇ ▇ ▇ ▇ ▇ ▇ ▇ ▇ ▇ ▇ ▇ ▇ ▇ ▇ ▇ ▇ ▇ ▇ ▇ ▇  

 Received:
 - The user is editing a video project in Final Cut Pro, selecting multiple clips (including “me-sync 
▇▇▇▇▇▇▇▇▇▇▇▇▇▇▇▇▇▇▇▇▇▇▇▇▇▇▇▇▇▇▇▇▇▇▇▇▇▇▇▇▇▇▇▇▇▇▇▇▇▇▇▇▇▇▇▇▇▇▇▇

2025-12-13 00:11:53,831 - [VIA-RETRO] - 
============================================================
Result: [tutorial] There is no screen content to transcribe. The image provided is a photograph of a person 
============================================================

2025-12-13 00:11:53,831 - INFO - Processing update from Retro
2025-12-13 00:11:53,831 - INFO - Added observation 5399362e-2e96-46e1-8d0d-f050237aa3f7 to queue (size: 5)
2025-12-13 00:11:53,831 - INFO - Processing batch of 5 observations
2025-12-13 00:11:53,881 - [VIA-RETRO] - Processing [460/468]: [tutorial] 20251203_000655.jpg
2025-12-13 00:11:53,881 - [VIA-RETRO] - Processing screenshot: /workspaces/ws/data/shared/screenshots/tutorial/20251203_000655.jpg
2025-12-13 00:11:53,882 - [VIA-RETRO] - Sending 1 image(s) to vision API
2025-12-13 00:11:53 [INVOKE] [Retro Transcription] sent, img_paths: ['/workspaces/ws/data/shared/screenshots/tutorial/20251203_000655.jpg']
2025-12-13 00:11:53 [INVOKE] [Proposition Construct] sent, img_paths: 
2025-12-13 00:11:58 [INVOKE] [Retro Transcription] received
2025-12-13 00:11:58,032 - [VIA-RETRO] - 

▇▇▇▇▇▇▇▇▇▇▇▇▇▇▇▇▇▇▇▇▇▇▇▇▇▇▇▇▇▇▇▇▇▇▇▇▇▇▇▇▇▇▇▇▇▇▇▇▇▇▇▇▇▇▇▇▇▇▇▇
For: 
['/workspaces/ws/data/shared/screenshots/tutorial/20251203_000655.jpg'] 

 ▇ ▇ ▇ ▇ ▇ ▇ ▇ ▇ ▇ ▇ ▇ ▇ ▇ ▇ ▇ ▇ ▇ ▇ ▇ ▇ ▇ ▇ ▇ ▇ ▇ ▇ ▇ ▇ ▇ ▇  

 Received:
 There is no screen content to transcribe. The image provided is a photograph of a person in a room,  
▇▇▇▇▇▇▇▇▇▇▇▇▇▇▇▇▇▇▇▇▇▇▇▇▇▇▇▇▇▇▇▇▇▇▇▇▇▇▇▇▇▇▇▇▇▇▇▇▇▇▇▇▇▇▇▇▇▇▇▇

2025-12-13 00:11:58,038 - [VIA-RETRO] - Sending 10 image(s) to vision API
2025-12-13 00:11:58 [INVOKE] [Retro Summary] sent, img_paths: ['/workspaces/ws/data/shared/screenshots/tutorial/20251203_000610.jpg', '/workspaces/ws/data/shared/screenshots/tutorial/20251203_000615.jpg', '/workspaces/ws/data/shared/screenshots/tutorial/20251203_000620.jpg', '/workspaces/ws/data/shared/screenshots/tutorial/20251203_000625.jpg', '/workspaces/ws/data/shared/screenshots/tutorial/20251203_000630.jpg', '/workspaces/ws/data/shared/screenshots/tutorial/20251203_000635.jpg', '/workspaces/ws/data/shared/screenshots/tutorial/20251203_000640.jpg', '/workspaces/ws/data/shared/screenshots/tutorial/20251203_000645.jpg', '/workspaces/ws/data/shared/screenshots/tutorial/20251203_000650.jpg', '/workspaces/ws/data/shared/screenshots/tutorial/20251203_000655.jpg']
2025-12-13 00:12:06 [INVOKE] [Retro Summary] received
2025-12-13 00:12:06,307 - [VIA-RETRO] - 

▇▇▇▇▇▇▇▇▇▇▇▇▇▇▇▇▇▇▇▇▇▇▇▇▇▇▇▇▇▇▇▇▇▇▇▇▇▇▇▇▇▇▇▇▇▇▇▇▇▇▇▇▇▇▇▇▇▇▇▇
For: 
['/workspaces/ws/data/shared/screenshots/tutorial/20251203_000610.jpg', '/workspaces/ws/data/shared/screenshots/tutorial/20251203_000615.jpg', '/workspaces/ws/data/shared/screenshots/tutorial/20251203_000620.jpg', '/workspaces/ws/data/shared/screenshots/tutorial/20251203_000625.jpg', '/workspaces/ws/data/shared/screenshots/tutorial/20251203_000630.jpg', '/workspaces/ws/data/shared/screenshots/tutorial/20251203_000635.jpg', '/workspaces/ws/data/shared/screenshots/tutorial/20251203_000640.jpg', '/workspaces/ws/data/shared/screenshots/tutorial/20251203_000645.jpg', '/workspaces/ws/data/shared/screenshots/tutorial/20251203_000650.jpg', '/workspaces/ws/data/shared/screenshots/tutorial/20251203_000655.jpg'] 

 ▇ ▇ ▇ ▇ ▇ ▇ ▇ ▇ ▇ ▇ ▇ ▇ ▇ ▇ ▇ ▇ ▇ ▇ ▇ ▇ ▇ ▇ ▇ ▇ ▇ ▇ ▇ ▇ ▇ ▇  

 Received:
 - The user is editing a video project in Final Cut Pro, selecting multiple clips (including “me-sync 
▇▇▇▇▇▇▇▇▇▇▇▇▇▇▇▇▇▇▇▇▇▇▇▇▇▇▇▇▇▇▇▇▇▇▇▇▇▇▇▇▇▇▇▇▇▇▇▇▇▇▇▇▇▇▇▇▇▇▇▇

2025-12-13 00:12:06,307 - [VIA-RETRO] - 
============================================================
Result: [tutorial] There is no screen content to transcribe. The image provided is a photograph of a person 
============================================================

2025-12-13 00:12:06,307 - INFO - Processing update from Retro
2025-12-13 00:12:06,308 - INFO - Added observation 174a56a0-b894-4dc3-a765-9a85e40ec0cd to queue (size: 1)
2025-12-13 00:12:06,358 - [VIA-RETRO] - Processing [461/468]: [tutorial] 20251203_000700.jpg
2025-12-13 00:12:06,358 - [VIA-RETRO] - Processing screenshot: /workspaces/ws/data/shared/screenshots/tutorial/20251203_000700.jpg
2025-12-13 00:12:06,359 - [VIA-RETRO] - Sending 1 image(s) to vision API
2025-12-13 00:12:06 [INVOKE] [Retro Transcription] sent, img_paths: ['/workspaces/ws/data/shared/screenshots/tutorial/20251203_000700.jpg']
2025-12-13 00:12:07 [INVOKE] [Retro Transcription] received
2025-12-13 00:12:07,833 - [VIA-RETRO] - 

▇▇▇▇▇▇▇▇▇▇▇▇▇▇▇▇▇▇▇▇▇▇▇▇▇▇▇▇▇▇▇▇▇▇▇▇▇▇▇▇▇▇▇▇▇▇▇▇▇▇▇▇▇▇▇▇▇▇▇▇
For: 
['/workspaces/ws/data/shared/screenshots/tutorial/20251203_000700.jpg'] 

 ▇ ▇ ▇ ▇ ▇ ▇ ▇ ▇ ▇ ▇ ▇ ▇ ▇ ▇ ▇ ▇ ▇ ▇ ▇ ▇ ▇ ▇ ▇ ▇ ▇ ▇ ▇ ▇ ▇ ▇  

 Received:
 There is no screen content to transcribe. The image provided is a photograph of a person and does no 
▇▇▇▇▇▇▇▇▇▇▇▇▇▇▇▇▇▇▇▇▇▇▇▇▇▇▇▇▇▇▇▇▇▇▇▇▇▇▇▇▇▇▇▇▇▇▇▇▇▇▇▇▇▇▇▇▇▇▇▇

2025-12-13 00:12:07,838 - [VIA-RETRO] - Sending 10 image(s) to vision API
2025-12-13 00:12:07 [INVOKE] [Retro Summary] sent, img_paths: ['/workspaces/ws/data/shared/screenshots/tutorial/20251203_000615.jpg', '/workspaces/ws/data/shared/screenshots/tutorial/20251203_000620.jpg', '/workspaces/ws/data/shared/screenshots/tutorial/20251203_000625.jpg', '/workspaces/ws/data/shared/screenshots/tutorial/20251203_000630.jpg', '/workspaces/ws/data/shared/screenshots/tutorial/20251203_000635.jpg', '/workspaces/ws/data/shared/screenshots/tutorial/20251203_000640.jpg', '/workspaces/ws/data/shared/screenshots/tutorial/20251203_000645.jpg', '/workspaces/ws/data/shared/screenshots/tutorial/20251203_000650.jpg', '/workspaces/ws/data/shared/screenshots/tutorial/20251203_000655.jpg', '/workspaces/ws/data/shared/screenshots/tutorial/20251203_000700.jpg']
2025-12-13 00:12:16 [INVOKE] [Proposition Construct] received
2025-12-13 00:12:16 [INVOKE] [Retro Summary] received
2025-12-13 00:12:16,889 - [VIA-RETRO] - 

▇▇▇▇▇▇▇▇▇▇▇▇▇▇▇▇▇▇▇▇▇▇▇▇▇▇▇▇▇▇▇▇▇▇▇▇▇▇▇▇▇▇▇▇▇▇▇▇▇▇▇▇▇▇▇▇▇▇▇▇
For: 
['/workspaces/ws/data/shared/screenshots/tutorial/20251203_000615.jpg', '/workspaces/ws/data/shared/screenshots/tutorial/20251203_000620.jpg', '/workspaces/ws/data/shared/screenshots/tutorial/20251203_000625.jpg', '/workspaces/ws/data/shared/screenshots/tutorial/20251203_000630.jpg', '/workspaces/ws/data/shared/screenshots/tutorial/20251203_000635.jpg', '/workspaces/ws/data/shared/screenshots/tutorial/20251203_000640.jpg', '/workspaces/ws/data/shared/screenshots/tutorial/20251203_000645.jpg', '/workspaces/ws/data/shared/screenshots/tutorial/20251203_000650.jpg', '/workspaces/ws/data/shared/screenshots/tutorial/20251203_000655.jpg', '/workspaces/ws/data/shared/screenshots/tutorial/20251203_000700.jpg'] 

 ▇ ▇ ▇ ▇ ▇ ▇ ▇ ▇ ▇ ▇ ▇ ▇ ▇ ▇ ▇ ▇ ▇ ▇ ▇ ▇ ▇ ▇ ▇ ▇ ▇ ▇ ▇ ▇ ▇ ▇  

 Received:
 - The user is editing video footage in Final Cut Pro, selecting multiple clips (including "me-screen 
▇▇▇▇▇▇▇▇▇▇▇▇▇▇▇▇▇▇▇▇▇▇▇▇▇▇▇▇▇▇▇▇▇▇▇▇▇▇▇▇▇▇▇▇▇▇▇▇▇▇▇▇▇▇▇▇▇▇▇▇

2025-12-13 00:12:16,889 - [VIA-RETRO] - 
============================================================
Result: [tutorial] There is no screen content to transcribe. The image provided is a photograph of a person 
============================================================

2025-12-13 00:12:16,890 - INFO - Processing update from Retro
2025-12-13 00:12:16,890 - INFO - Added observation 852c4b29-ecf7-475b-bd04-e7105e5da534 to queue (size: 2)
2025-12-13 00:12:16 [INVOKE] [Proposition Filter] sent, img_paths: 
2025-12-13 00:12:16,941 - [VIA-RETRO] - Processing [462/468]: [tutorial] 20251203_000705.jpg
2025-12-13 00:12:16,941 - [VIA-RETRO] - Processing screenshot: /workspaces/ws/data/shared/screenshots/tutorial/20251203_000705.jpg
2025-12-13 00:12:16,942 - [VIA-RETRO] - Sending 1 image(s) to vision API
2025-12-13 00:12:16 [INVOKE] [Retro Transcription] sent, img_paths: ['/workspaces/ws/data/shared/screenshots/tutorial/20251203_000705.jpg']
2025-12-13 00:12:18 [INVOKE] [Retro Transcription] received
2025-12-13 00:12:18,858 - [VIA-RETRO] - 

▇▇▇▇▇▇▇▇▇▇▇▇▇▇▇▇▇▇▇▇▇▇▇▇▇▇▇▇▇▇▇▇▇▇▇▇▇▇▇▇▇▇▇▇▇▇▇▇▇▇▇▇▇▇▇▇▇▇▇▇
For: 
['/workspaces/ws/data/shared/screenshots/tutorial/20251203_000705.jpg'] 

 ▇ ▇ ▇ ▇ ▇ ▇ ▇ ▇ ▇ ▇ ▇ ▇ ▇ ▇ ▇ ▇ ▇ ▇ ▇ ▇ ▇ ▇ ▇ ▇ ▇ ▇ ▇ ▇ ▇ ▇  

 Received:
 There is no screen content to transcribe. The image provided is a photograph of a person in a room,  
▇▇▇▇▇▇▇▇▇▇▇▇▇▇▇▇▇▇▇▇▇▇▇▇▇▇▇▇▇▇▇▇▇▇▇▇▇▇▇▇▇▇▇▇▇▇▇▇▇▇▇▇▇▇▇▇▇▇▇▇

2025-12-13 00:12:18,863 - [VIA-RETRO] - Sending 10 image(s) to vision API
2025-12-13 00:12:18 [INVOKE] [Retro Summary] sent, img_paths: ['/workspaces/ws/data/shared/screenshots/tutorial/20251203_000620.jpg', '/workspaces/ws/data/shared/screenshots/tutorial/20251203_000625.jpg', '/workspaces/ws/data/shared/screenshots/tutorial/20251203_000630.jpg', '/workspaces/ws/data/shared/screenshots/tutorial/20251203_000635.jpg', '/workspaces/ws/data/shared/screenshots/tutorial/20251203_000640.jpg', '/workspaces/ws/data/shared/screenshots/tutorial/20251203_000645.jpg', '/workspaces/ws/data/shared/screenshots/tutorial/20251203_000650.jpg', '/workspaces/ws/data/shared/screenshots/tutorial/20251203_000655.jpg', '/workspaces/ws/data/shared/screenshots/tutorial/20251203_000700.jpg', '/workspaces/ws/data/shared/screenshots/tutorial/20251203_000705.jpg']
2025-12-13 00:12:26 [INVOKE] [Retro Summary] received
2025-12-13 00:12:26,846 - [VIA-RETRO] - 

▇▇▇▇▇▇▇▇▇▇▇▇▇▇▇▇▇▇▇▇▇▇▇▇▇▇▇▇▇▇▇▇▇▇▇▇▇▇▇▇▇▇▇▇▇▇▇▇▇▇▇▇▇▇▇▇▇▇▇▇
For: 
['/workspaces/ws/data/shared/screenshots/tutorial/20251203_000620.jpg', '/workspaces/ws/data/shared/screenshots/tutorial/20251203_000625.jpg', '/workspaces/ws/data/shared/screenshots/tutorial/20251203_000630.jpg', '/workspaces/ws/data/shared/screenshots/tutorial/20251203_000635.jpg', '/workspaces/ws/data/shared/screenshots/tutorial/20251203_000640.jpg', '/workspaces/ws/data/shared/screenshots/tutorial/20251203_000645.jpg', '/workspaces/ws/data/shared/screenshots/tutorial/20251203_000650.jpg', '/workspaces/ws/data/shared/screenshots/tutorial/20251203_000655.jpg', '/workspaces/ws/data/shared/screenshots/tutorial/20251203_000700.jpg', '/workspaces/ws/data/shared/screenshots/tutorial/20251203_000705.jpg'] 

 ▇ ▇ ▇ ▇ ▇ ▇ ▇ ▇ ▇ ▇ ▇ ▇ ▇ ▇ ▇ ▇ ▇ ▇ ▇ ▇ ▇ ▇ ▇ ▇ ▇ ▇ ▇ ▇ ▇ ▇  

 Received:
 - The user is editing a video project in Final Cut Pro, specifically creating a multicam clip named  
▇▇▇▇▇▇▇▇▇▇▇▇▇▇▇▇▇▇▇▇▇▇▇▇▇▇▇▇▇▇▇▇▇▇▇▇▇▇▇▇▇▇▇▇▇▇▇▇▇▇▇▇▇▇▇▇▇▇▇▇

2025-12-13 00:12:26,846 - [VIA-RETRO] - 
============================================================
Result: [tutorial] There is no screen content to transcribe. The image provided is a photograph of a person 
============================================================

2025-12-13 00:12:26,846 - INFO - Processing update from Retro
2025-12-13 00:12:26,846 - INFO - Added observation fc724a59-cf14-41aa-a578-54324d7c4971 to queue (size: 3)
2025-12-13 00:12:26,897 - [VIA-RETRO] - Processing [463/468]: [tutorial] 20251203_000710.jpg
2025-12-13 00:12:26,897 - [VIA-RETRO] - Processing screenshot: /workspaces/ws/data/shared/screenshots/tutorial/20251203_000710.jpg
2025-12-13 00:12:26,898 - [VIA-RETRO] - Sending 1 image(s) to vision API
2025-12-13 00:12:26 [INVOKE] [Retro Transcription] sent, img_paths: ['/workspaces/ws/data/shared/screenshots/tutorial/20251203_000710.jpg']
2025-12-13 00:12:28 [INVOKE] [Retro Transcription] received
2025-12-13 00:12:28,729 - [VIA-RETRO] - 

▇▇▇▇▇▇▇▇▇▇▇▇▇▇▇▇▇▇▇▇▇▇▇▇▇▇▇▇▇▇▇▇▇▇▇▇▇▇▇▇▇▇▇▇▇▇▇▇▇▇▇▇▇▇▇▇▇▇▇▇
For: 
['/workspaces/ws/data/shared/screenshots/tutorial/20251203_000710.jpg'] 

 ▇ ▇ ▇ ▇ ▇ ▇ ▇ ▇ ▇ ▇ ▇ ▇ ▇ ▇ ▇ ▇ ▇ ▇ ▇ ▇ ▇ ▇ ▇ ▇ ▇ ▇ ▇ ▇ ▇ ▇  

 Received:
 There is no screen content to transcribe. The image provided is a photograph of a person in a room,  
▇▇▇▇▇▇▇▇▇▇▇▇▇▇▇▇▇▇▇▇▇▇▇▇▇▇▇▇▇▇▇▇▇▇▇▇▇▇▇▇▇▇▇▇▇▇▇▇▇▇▇▇▇▇▇▇▇▇▇▇

2025-12-13 00:12:28,734 - [VIA-RETRO] - Sending 10 image(s) to vision API
2025-12-13 00:12:28 [INVOKE] [Retro Summary] sent, img_paths: ['/workspaces/ws/data/shared/screenshots/tutorial/20251203_000625.jpg', '/workspaces/ws/data/shared/screenshots/tutorial/20251203_000630.jpg', '/workspaces/ws/data/shared/screenshots/tutorial/20251203_000635.jpg', '/workspaces/ws/data/shared/screenshots/tutorial/20251203_000640.jpg', '/workspaces/ws/data/shared/screenshots/tutorial/20251203_000645.jpg', '/workspaces/ws/data/shared/screenshots/tutorial/20251203_000650.jpg', '/workspaces/ws/data/shared/screenshots/tutorial/20251203_000655.jpg', '/workspaces/ws/data/shared/screenshots/tutorial/20251203_000700.jpg', '/workspaces/ws/data/shared/screenshots/tutorial/20251203_000705.jpg', '/workspaces/ws/data/shared/screenshots/tutorial/20251203_000710.jpg']
2025-12-13 00:12:35 [INVOKE] [Proposition Filter] received
2025-12-13 00:12:35,986 - INFO - Applying proposition updates for batch...
2025-12-13 00:12:36 [INVOKE] [Proposition Revise] sent, img_paths: 
2025-12-13 00:12:43 [INVOKE] [Retro Summary] received
2025-12-13 00:12:43,051 - [VIA-RETRO] - 

▇▇▇▇▇▇▇▇▇▇▇▇▇▇▇▇▇▇▇▇▇▇▇▇▇▇▇▇▇▇▇▇▇▇▇▇▇▇▇▇▇▇▇▇▇▇▇▇▇▇▇▇▇▇▇▇▇▇▇▇
For: 
['/workspaces/ws/data/shared/screenshots/tutorial/20251203_000625.jpg', '/workspaces/ws/data/shared/screenshots/tutorial/20251203_000630.jpg', '/workspaces/ws/data/shared/screenshots/tutorial/20251203_000635.jpg', '/workspaces/ws/data/shared/screenshots/tutorial/20251203_000640.jpg', '/workspaces/ws/data/shared/screenshots/tutorial/20251203_000645.jpg', '/workspaces/ws/data/shared/screenshots/tutorial/20251203_000650.jpg', '/workspaces/ws/data/shared/screenshots/tutorial/20251203_000655.jpg', '/workspaces/ws/data/shared/screenshots/tutorial/20251203_000700.jpg', '/workspaces/ws/data/shared/screenshots/tutorial/20251203_000705.jpg', '/workspaces/ws/data/shared/screenshots/tutorial/20251203_000710.jpg'] 

 ▇ ▇ ▇ ▇ ▇ ▇ ▇ ▇ ▇ ▇ ▇ ▇ ▇ ▇ ▇ ▇ ▇ ▇ ▇ ▇ ▇ ▇ ▇ ▇ ▇ ▇ ▇ ▇ ▇ ▇  

 Received:
 Based on the sequence of images, here is a detailed description of the actions occurring:

- The use 
▇▇▇▇▇▇▇▇▇▇▇▇▇▇▇▇▇▇▇▇▇▇▇▇▇▇▇▇▇▇▇▇▇▇▇▇▇▇▇▇▇▇▇▇▇▇▇▇▇▇▇▇▇▇▇▇▇▇▇▇

2025-12-13 00:12:43,051 - [VIA-RETRO] - 
============================================================
Result: [tutorial] There is no screen content to transcribe. The image provided is a photograph of a person 
============================================================


New observation from Retro: [tutorial] There is no screen content to transcribe. The image provided is a photograph of a person in a room, not a screenshot of a computer screen or any digital interface. Therefore, no application names, file paths, or website URLs are present to include in the transcription.- The user is editing a video project in Final Cut Pro, as indicated by the timeline, media browser, and preview window.
- They are working with a multicam project, selecting multiple video clips (including “me-sync” and “me-screen-sync”) from the media browser to create a synchronized multicam clip.
- The user initiates the creation of a new multicam clip by right-clicking on selected clips and choosing “New Multicam Clip...” from the context menu.
- A dialog box appears where the user names the new clip “video” and confirms the settings, including using audio for synchronization, before clicking “OK” to create the multicam clip.
- The user then arranges the clips in the timeline, with the “video” multicam clip appearing as a new item, and begins previewing the synchronized footage.
- Throughout the process, the user is also shown in a live video preview, gesturing with their hands while speaking into a microphone, indicating they are likely recording or presenting while editing.
New observation from Retro: [tutorial] There is no screen content to transcribe. The image provided is a photograph of a person in a room, not a screenshot of a computer screen or any digital interface. Therefore, no application names, file paths, or website URLs are present to include in the transcription.

**FINAL STRUCTURED MARKDOWN TRANSCRIPTION**

```markdown
No screen content to transcribe.
```- The user is editing a video project in Final Cut Pro, selecting multiple clips (including “me-sync” and “me-screen-sync”) from the media library to create a multicam clip.
- They initiate the “New Multicam Clip...” function from the context menu, then confirm the creation with the “OK” button in the dialog, naming the clip “video”.
- After creating the multicam clip, the user arranges the video and screen recordings within the multicam viewer, which now displays the “me-sync” and “me-screen-sync” clips side-by-side for editing.
- The user is actively speaking into a Shure microphone while recording, as seen in the preview window and the final frames, indicating they are likely narrating or presenting.
- In one frame, the user is shown making a hand gesture (a peace sign) while speaking, suggesting an expressive or emphatic moment in their presentation.
- The user is also shown with a split-screen view of their editing software and a web browser, where they are viewing a Google search page, indicating they may be researching or referencing information for their video.
New observation from Retro: [tutorial] There is no screen content to transcribe. The image provided is a photograph of a person in a room, not a screenshot of a computer screen or any digital interface. Therefore, no application names, file paths, or website URLs are present to include in the transcription.

**FINAL STRUCTURED MARKDOWN TRANSCRIPTION**

```markdown
No screen content to transcribe.
```- The user is editing a video project in Final Cut Pro, selecting multiple clips (including “me-sync” and “me-screen-sync”) from the media library to create a multicam clip.
- They initiate the “New Multicam Clip...” function from the context menu, then confirm the creation with the “OK” button in the dialog, naming the clip “video” and setting the event date to “2-01-2024”.
- After creating the multicam clip, the user arranges the video clips in the timeline, with the “me-screen-sync” clip now appearing as a synchronized multicam source in the viewer.
- The user is actively speaking into a Shure microphone while gesturing with their hands, indicating they are recording or presenting live content.
- The user is simultaneously viewing and interacting with their development environment, with a browser window open to Google and a code editor displaying “test.js” on the left side of the screen.
New observation from Retro: [tutorial] There is no screen content to transcribe. The image provided is a photograph of a person and does not contain any application names, file paths, or website URLs. Therefore, no transcription can be created as per the instructions.- The user is editing video footage in Final Cut Pro, selecting multiple clips (including "me-screen-sync" and "C1709") and initiating the creation of a new Multicam Clip to synchronize them.
- In the Multicam Clip creation dialog, the user names the clip "video" and confirms the settings, which are set to use audio for synchronization and derive video/audio properties from the selected clips.
- After creating the Multicam Clip, the user is shown in the Multicam Viewer, where the "video" clip is displayed alongside other clips like "me-sync" and "me-screen-sync," which are now synchronized and ready for editing.
- The user is actively speaking into a Shure microphone while gesturing with their hands, indicating they are explaining or presenting content.
- The user is shown in a split-screen view, with a code editor on the left (showing "test.js") and a Google Chrome browser on the right, suggesting they are working on a web development project while recording or streaming.
- The user continues to speak directly to the camera, maintaining eye contact and using expressive facial gestures, indicating an engaging and dynamic presentation style.
New observation from Retro: [tutorial] There is no screen content to transcribe. The image provided is a photograph of a person in a room, not a screenshot of a computer screen or any digital interface. Therefore, no application names, file paths, or website URLs are present to include in the transcription.

**FINAL STRUCTURED MARKDOWN TRANSCRIPTION**

```markdown
No screen content to transcribe.
```- The user is editing a video project in Final Cut Pro, specifically creating a multicam clip named "video" from footage recorded on "2-01-2024," using audio for synchronization.
- The user is actively working with a multicam timeline, as shown by the preview window displaying synchronized video and screen recordings, including a YouTube "Video Ideas" spreadsheet.
- The user is speaking directly to the camera, making expressive hand gestures (such as pointing with one finger and then both hands) while likely explaining or reacting to content.
- The user is multitasking, with a split-screen view showing a code editor (with `test.js` open) on one side and a Google Chrome browser window on the other, indicating they are likely coding or researching while recording.
- The user is engaged in a video recording session, as evidenced by the consistent setup featuring a Shure microphone, a grey hoodie, and a background with a lit bookshelf, suggesting a focused, content-creation environment.
Found 15 similar propositions to revise.
New observation from Retro: [tutorial] There is no screen content to transcribe. The image provided is a photograph of a person in a room, not a screenshot of a computer screen or any digital interface. Therefore, no application names, file paths, or website URLs are present to include in the transcription.

**FINAL STRUCTURED MARKDOWN TRANSCRIPTION**

```markdown
No screen content to transcribe.
```Based on the sequence of images, here is a detailed description of the actions occurring:

- The user is actively editing a video in a non-linear editing software (likely Final Cut Pro), as shown by the timeline at the bottom and the preview window displaying a split-screen of their own video feed and a YouTube content ideas spreadsheet.
- The user is simultaneously viewing and interacting with a spreadsheet titled "Video Ideas" in a web browser, which lists various video concepts, their status (e.g., "Published"), and associated tags, indicating they are managing or selecting content for their channel.
- The user is speaking into a Shure microphone, suggesting they are recording a voiceover or commentary for the video they are editing.
- In a separate view, the user is shown gesturing with their hands while speaking, indicating they are actively explaining or emphasizing a point to their audience.
- The user is also shown working in a code editor (likely VS Code) with a file named "test.js" open, and a browser window displaying the Google homepage, suggesting they are either researching, testing code, or preparing content related to web development.
- The user is consistently shown in a home office setting with a bookshelf illuminated by green and blue LED lights, reinforcing the context of a personal content creation space.2025-12-13 00:12:43,051 - INFO - Processing update from Retro
2025-12-13 00:12:43,051 - INFO - Added observation fd4ff482-60c4-4cf4-b37e-6f271aa615c2 to queue (size: 4)
2025-12-13 00:12:43,103 - [VIA-RETRO] - Processing [464/468]: [tutorial] 20251203_000715.jpg
2025-12-13 00:12:43,103 - [VIA-RETRO] - Processing screenshot: /workspaces/ws/data/shared/screenshots/tutorial/20251203_000715.jpg
2025-12-13 00:12:43,103 - [VIA-RETRO] - Sending 1 image(s) to vision API
2025-12-13 00:12:43 [INVOKE] [Retro Transcription] sent, img_paths: ['/workspaces/ws/data/shared/screenshots/tutorial/20251203_000715.jpg']
2025-12-13 00:12:44 [INVOKE] [Retro Transcription] received
2025-12-13 00:12:44,705 - [VIA-RETRO] - 

▇▇▇▇▇▇▇▇▇▇▇▇▇▇▇▇▇▇▇▇▇▇▇▇▇▇▇▇▇▇▇▇▇▇▇▇▇▇▇▇▇▇▇▇▇▇▇▇▇▇▇▇▇▇▇▇▇▇▇▇
For: 
['/workspaces/ws/data/shared/screenshots/tutorial/20251203_000715.jpg'] 

 ▇ ▇ ▇ ▇ ▇ ▇ ▇ ▇ ▇ ▇ ▇ ▇ ▇ ▇ ▇ ▇ ▇ ▇ ▇ ▇ ▇ ▇ ▇ ▇ ▇ ▇ ▇ ▇ ▇ ▇  

 Received:
 There is no screen content to transcribe. The image provided is a photograph of a person speaking in 
▇▇▇▇▇▇▇▇▇▇▇▇▇▇▇▇▇▇▇▇▇▇▇▇▇▇▇▇▇▇▇▇▇▇▇▇▇▇▇▇▇▇▇▇▇▇▇▇▇▇▇▇▇▇▇▇▇▇▇▇

2025-12-13 00:12:44,709 - [VIA-RETRO] - Sending 10 image(s) to vision API
2025-12-13 00:12:44 [INVOKE] [Retro Summary] sent, img_paths: ['/workspaces/ws/data/shared/screenshots/tutorial/20251203_000630.jpg', '/workspaces/ws/data/shared/screenshots/tutorial/20251203_000635.jpg', '/workspaces/ws/data/shared/screenshots/tutorial/20251203_000640.jpg', '/workspaces/ws/data/shared/screenshots/tutorial/20251203_000645.jpg', '/workspaces/ws/data/shared/screenshots/tutorial/20251203_000650.jpg', '/workspaces/ws/data/shared/screenshots/tutorial/20251203_000655.jpg', '/workspaces/ws/data/shared/screenshots/tutorial/20251203_000700.jpg', '/workspaces/ws/data/shared/screenshots/tutorial/20251203_000705.jpg', '/workspaces/ws/data/shared/screenshots/tutorial/20251203_000710.jpg', '/workspaces/ws/data/shared/screenshots/tutorial/20251203_000715.jpg']
2025-12-13 00:12:52 [INVOKE] [Retro Summary] received
2025-12-13 00:12:52,733 - [VIA-RETRO] - 

▇▇▇▇▇▇▇▇▇▇▇▇▇▇▇▇▇▇▇▇▇▇▇▇▇▇▇▇▇▇▇▇▇▇▇▇▇▇▇▇▇▇▇▇▇▇▇▇▇▇▇▇▇▇▇▇▇▇▇▇
For: 
['/workspaces/ws/data/shared/screenshots/tutorial/20251203_000630.jpg', '/workspaces/ws/data/shared/screenshots/tutorial/20251203_000635.jpg', '/workspaces/ws/data/shared/screenshots/tutorial/20251203_000640.jpg', '/workspaces/ws/data/shared/screenshots/tutorial/20251203_000645.jpg', '/workspaces/ws/data/shared/screenshots/tutorial/20251203_000650.jpg', '/workspaces/ws/data/shared/screenshots/tutorial/20251203_000655.jpg', '/workspaces/ws/data/shared/screenshots/tutorial/20251203_000700.jpg', '/workspaces/ws/data/shared/screenshots/tutorial/20251203_000705.jpg', '/workspaces/ws/data/shared/screenshots/tutorial/20251203_000710.jpg', '/workspaces/ws/data/shared/screenshots/tutorial/20251203_000715.jpg'] 

 ▇ ▇ ▇ ▇ ▇ ▇ ▇ ▇ ▇ ▇ ▇ ▇ ▇ ▇ ▇ ▇ ▇ ▇ ▇ ▇ ▇ ▇ ▇ ▇ ▇ ▇ ▇ ▇ ▇ ▇  

 Received:
 - The user, a man with an afro wearing a grey hoodie, is speaking into a Shure microphone while gest 
▇▇▇▇▇▇▇▇▇▇▇▇▇▇▇▇▇▇▇▇▇▇▇▇▇▇▇▇▇▇▇▇▇▇▇▇▇▇▇▇▇▇▇▇▇▇▇▇▇▇▇▇▇▇▇▇▇▇▇▇

2025-12-13 00:12:52,734 - [VIA-RETRO] - 
============================================================
Result: [tutorial] There is no screen content to transcribe. The image provided is a photograph of a person 
============================================================

2025-12-13 00:12:52,734 - INFO - Processing update from Retro
2025-12-13 00:12:52,734 - INFO - Added observation 032922ea-a732-43cd-8fa1-ae3aec87820d to queue (size: 5)
2025-12-13 00:12:52,784 - [VIA-RETRO] - Processing [465/468]: [tutorial] 20251203_000720.jpg
2025-12-13 00:12:52,784 - [VIA-RETRO] - Processing screenshot: /workspaces/ws/data/shared/screenshots/tutorial/20251203_000720.jpg
2025-12-13 00:12:52,785 - [VIA-RETRO] - Sending 1 image(s) to vision API
2025-12-13 00:12:52 [INVOKE] [Retro Transcription] sent, img_paths: ['/workspaces/ws/data/shared/screenshots/tutorial/20251203_000720.jpg']
2025-12-13 00:12:54 [INVOKE] [Retro Transcription] received
2025-12-13 00:12:54,483 - [VIA-RETRO] - 

▇▇▇▇▇▇▇▇▇▇▇▇▇▇▇▇▇▇▇▇▇▇▇▇▇▇▇▇▇▇▇▇▇▇▇▇▇▇▇▇▇▇▇▇▇▇▇▇▇▇▇▇▇▇▇▇▇▇▇▇
For: 
['/workspaces/ws/data/shared/screenshots/tutorial/20251203_000720.jpg'] 

 ▇ ▇ ▇ ▇ ▇ ▇ ▇ ▇ ▇ ▇ ▇ ▇ ▇ ▇ ▇ ▇ ▇ ▇ ▇ ▇ ▇ ▇ ▇ ▇ ▇ ▇ ▇ ▇ ▇ ▇  

 Received:
 There is no screen content to transcribe. The image provided is a photograph of a person in a room,  
▇▇▇▇▇▇▇▇▇▇▇▇▇▇▇▇▇▇▇▇▇▇▇▇▇▇▇▇▇▇▇▇▇▇▇▇▇▇▇▇▇▇▇▇▇▇▇▇▇▇▇▇▇▇▇▇▇▇▇▇

2025-12-13 00:12:54,488 - [VIA-RETRO] - Sending 10 image(s) to vision API
2025-12-13 00:12:54 [INVOKE] [Retro Summary] sent, img_paths: ['/workspaces/ws/data/shared/screenshots/tutorial/20251203_000635.jpg', '/workspaces/ws/data/shared/screenshots/tutorial/20251203_000640.jpg', '/workspaces/ws/data/shared/screenshots/tutorial/20251203_000645.jpg', '/workspaces/ws/data/shared/screenshots/tutorial/20251203_000650.jpg', '/workspaces/ws/data/shared/screenshots/tutorial/20251203_000655.jpg', '/workspaces/ws/data/shared/screenshots/tutorial/20251203_000700.jpg', '/workspaces/ws/data/shared/screenshots/tutorial/20251203_000705.jpg', '/workspaces/ws/data/shared/screenshots/tutorial/20251203_000710.jpg', '/workspaces/ws/data/shared/screenshots/tutorial/20251203_000715.jpg', '/workspaces/ws/data/shared/screenshots/tutorial/20251203_000720.jpg']
2025-12-13 00:13:02 [INVOKE] [Retro Summary] received
2025-12-13 00:13:02,102 - [VIA-RETRO] - 

▇▇▇▇▇▇▇▇▇▇▇▇▇▇▇▇▇▇▇▇▇▇▇▇▇▇▇▇▇▇▇▇▇▇▇▇▇▇▇▇▇▇▇▇▇▇▇▇▇▇▇▇▇▇▇▇▇▇▇▇
For: 
['/workspaces/ws/data/shared/screenshots/tutorial/20251203_000635.jpg', '/workspaces/ws/data/shared/screenshots/tutorial/20251203_000640.jpg', '/workspaces/ws/data/shared/screenshots/tutorial/20251203_000645.jpg', '/workspaces/ws/data/shared/screenshots/tutorial/20251203_000650.jpg', '/workspaces/ws/data/shared/screenshots/tutorial/20251203_000655.jpg', '/workspaces/ws/data/shared/screenshots/tutorial/20251203_000700.jpg', '/workspaces/ws/data/shared/screenshots/tutorial/20251203_000705.jpg', '/workspaces/ws/data/shared/screenshots/tutorial/20251203_000710.jpg', '/workspaces/ws/data/shared/screenshots/tutorial/20251203_000715.jpg', '/workspaces/ws/data/shared/screenshots/tutorial/20251203_000720.jpg'] 

 ▇ ▇ ▇ ▇ ▇ ▇ ▇ ▇ ▇ ▇ ▇ ▇ ▇ ▇ ▇ ▇ ▇ ▇ ▇ ▇ ▇ ▇ ▇ ▇ ▇ ▇ ▇ ▇ ▇ ▇  

 Received:
 - The user is speaking directly to the camera, gesturing with both hands to emphasize their points,  
▇▇▇▇▇▇▇▇▇▇▇▇▇▇▇▇▇▇▇▇▇▇▇▇▇▇▇▇▇▇▇▇▇▇▇▇▇▇▇▇▇▇▇▇▇▇▇▇▇▇▇▇▇▇▇▇▇▇▇▇

2025-12-13 00:13:02,102 - [VIA-RETRO] - 
============================================================
Result: [tutorial] There is no screen content to transcribe. The image provided is a photograph of a person 
============================================================

2025-12-13 00:13:02,102 - INFO - Processing update from Retro
2025-12-13 00:13:02,103 - INFO - Added observation 8b6f7573-96dc-461e-b8df-80f7f74e90bb to queue (size: 6)
2025-12-13 00:13:02,154 - [VIA-RETRO] - Processing [466/468]: [tutorial] 20251203_000725.jpg
2025-12-13 00:13:02,154 - [VIA-RETRO] - Processing screenshot: /workspaces/ws/data/shared/screenshots/tutorial/20251203_000725.jpg
2025-12-13 00:13:02,155 - [VIA-RETRO] - Sending 1 image(s) to vision API
2025-12-13 00:13:02 [INVOKE] [Retro Transcription] sent, img_paths: ['/workspaces/ws/data/shared/screenshots/tutorial/20251203_000725.jpg']
2025-12-13 00:13:03 [INVOKE] [Retro Transcription] received
2025-12-13 00:13:03,082 - [VIA-RETRO] - 

▇▇▇▇▇▇▇▇▇▇▇▇▇▇▇▇▇▇▇▇▇▇▇▇▇▇▇▇▇▇▇▇▇▇▇▇▇▇▇▇▇▇▇▇▇▇▇▇▇▇▇▇▇▇▇▇▇▇▇▇
For: 
['/workspaces/ws/data/shared/screenshots/tutorial/20251203_000725.jpg'] 

 ▇ ▇ ▇ ▇ ▇ ▇ ▇ ▇ ▇ ▇ ▇ ▇ ▇ ▇ ▇ ▇ ▇ ▇ ▇ ▇ ▇ ▇ ▇ ▇ ▇ ▇ ▇ ▇ ▇ ▇  

 Received:
 ```markdown
DEEECODE
Subscribe for more
``` 
▇▇▇▇▇▇▇▇▇▇▇▇▇▇▇▇▇▇▇▇▇▇▇▇▇▇▇▇▇▇▇▇▇▇▇▇▇▇▇▇▇▇▇▇▇▇▇▇▇▇▇▇▇▇▇▇▇▇▇▇

2025-12-13 00:13:03,087 - [VIA-RETRO] - Sending 10 image(s) to vision API
2025-12-13 00:13:03 [INVOKE] [Retro Summary] sent, img_paths: ['/workspaces/ws/data/shared/screenshots/tutorial/20251203_000640.jpg', '/workspaces/ws/data/shared/screenshots/tutorial/20251203_000645.jpg', '/workspaces/ws/data/shared/screenshots/tutorial/20251203_000650.jpg', '/workspaces/ws/data/shared/screenshots/tutorial/20251203_000655.jpg', '/workspaces/ws/data/shared/screenshots/tutorial/20251203_000700.jpg', '/workspaces/ws/data/shared/screenshots/tutorial/20251203_000705.jpg', '/workspaces/ws/data/shared/screenshots/tutorial/20251203_000710.jpg', '/workspaces/ws/data/shared/screenshots/tutorial/20251203_000715.jpg', '/workspaces/ws/data/shared/screenshots/tutorial/20251203_000720.jpg', '/workspaces/ws/data/shared/screenshots/tutorial/20251203_000725.jpg']
2025-12-13 00:13:11 [INVOKE] [Retro Summary] received
2025-12-13 00:13:11,234 - [VIA-RETRO] - 

▇▇▇▇▇▇▇▇▇▇▇▇▇▇▇▇▇▇▇▇▇▇▇▇▇▇▇▇▇▇▇▇▇▇▇▇▇▇▇▇▇▇▇▇▇▇▇▇▇▇▇▇▇▇▇▇▇▇▇▇
For: 
['/workspaces/ws/data/shared/screenshots/tutorial/20251203_000640.jpg', '/workspaces/ws/data/shared/screenshots/tutorial/20251203_000645.jpg', '/workspaces/ws/data/shared/screenshots/tutorial/20251203_000650.jpg', '/workspaces/ws/data/shared/screenshots/tutorial/20251203_000655.jpg', '/workspaces/ws/data/shared/screenshots/tutorial/20251203_000700.jpg', '/workspaces/ws/data/shared/screenshots/tutorial/20251203_000705.jpg', '/workspaces/ws/data/shared/screenshots/tutorial/20251203_000710.jpg', '/workspaces/ws/data/shared/screenshots/tutorial/20251203_000715.jpg', '/workspaces/ws/data/shared/screenshots/tutorial/20251203_000720.jpg', '/workspaces/ws/data/shared/screenshots/tutorial/20251203_000725.jpg'] 

 ▇ ▇ ▇ ▇ ▇ ▇ ▇ ▇ ▇ ▇ ▇ ▇ ▇ ▇ ▇ ▇ ▇ ▇ ▇ ▇ ▇ ▇ ▇ ▇ ▇ ▇ ▇ ▇ ▇ ▇  

 Received:
 - The user is actively coding in a dark-themed code editor, with the cursor positioned at line 56 in 
▇▇▇▇▇▇▇▇▇▇▇▇▇▇▇▇▇▇▇▇▇▇▇▇▇▇▇▇▇▇▇▇▇▇▇▇▇▇▇▇▇▇▇▇▇▇▇▇▇▇▇▇▇▇▇▇▇▇▇▇

2025-12-13 00:13:11,234 - [VIA-RETRO] - 
============================================================
Result: [tutorial] ```markdown
DEEECODE
Subscribe for more
```- The user is actively coding in a dark-themed
============================================================

2025-12-13 00:13:11,234 - INFO - Processing update from Retro
2025-12-13 00:13:11,234 - INFO - Added observation 82d4d305-d12b-4da0-a60e-f7f5133dc9ff to queue (size: 7)
2025-12-13 00:13:11,286 - [VIA-RETRO] - Processing [467/468]: [tutorial] 20251203_000730.jpg
2025-12-13 00:13:11,286 - [VIA-RETRO] - Processing screenshot: /workspaces/ws/data/shared/screenshots/tutorial/20251203_000730.jpg
2025-12-13 00:13:11,286 - [VIA-RETRO] - Sending 1 image(s) to vision API
2025-12-13 00:13:11 [INVOKE] [Retro Transcription] sent, img_paths: ['/workspaces/ws/data/shared/screenshots/tutorial/20251203_000730.jpg']
2025-12-13 00:13:12 [INVOKE] [Retro Transcription] received
2025-12-13 00:13:12,218 - [VIA-RETRO] - 

▇▇▇▇▇▇▇▇▇▇▇▇▇▇▇▇▇▇▇▇▇▇▇▇▇▇▇▇▇▇▇▇▇▇▇▇▇▇▇▇▇▇▇▇▇▇▇▇▇▇▇▇▇▇▇▇▇▇▇▇
For: 
['/workspaces/ws/data/shared/screenshots/tutorial/20251203_000730.jpg'] 

 ▇ ▇ ▇ ▇ ▇ ▇ ▇ ▇ ▇ ▇ ▇ ▇ ▇ ▇ ▇ ▇ ▇ ▇ ▇ ▇ ▇ ▇ ▇ ▇ ▇ ▇ ▇ ▇ ▇ ▇  

 Received:
 ```markdown
DEEECODE
Subscribe for more
``` 
▇▇▇▇▇▇▇▇▇▇▇▇▇▇▇▇▇▇▇▇▇▇▇▇▇▇▇▇▇▇▇▇▇▇▇▇▇▇▇▇▇▇▇▇▇▇▇▇▇▇▇▇▇▇▇▇▇▇▇▇

2025-12-13 00:13:12,224 - [VIA-RETRO] - Sending 10 image(s) to vision API
2025-12-13 00:13:12 [INVOKE] [Retro Summary] sent, img_paths: ['/workspaces/ws/data/shared/screenshots/tutorial/20251203_000645.jpg', '/workspaces/ws/data/shared/screenshots/tutorial/20251203_000650.jpg', '/workspaces/ws/data/shared/screenshots/tutorial/20251203_000655.jpg', '/workspaces/ws/data/shared/screenshots/tutorial/20251203_000700.jpg', '/workspaces/ws/data/shared/screenshots/tutorial/20251203_000705.jpg', '/workspaces/ws/data/shared/screenshots/tutorial/20251203_000710.jpg', '/workspaces/ws/data/shared/screenshots/tutorial/20251203_000715.jpg', '/workspaces/ws/data/shared/screenshots/tutorial/20251203_000720.jpg', '/workspaces/ws/data/shared/screenshots/tutorial/20251203_000725.jpg', '/workspaces/ws/data/shared/screenshots/tutorial/20251203_000730.jpg']
2025-12-13 00:13:18 [INVOKE] [Retro Summary] received
2025-12-13 00:13:18,894 - [VIA-RETRO] - 

▇▇▇▇▇▇▇▇▇▇▇▇▇▇▇▇▇▇▇▇▇▇▇▇▇▇▇▇▇▇▇▇▇▇▇▇▇▇▇▇▇▇▇▇▇▇▇▇▇▇▇▇▇▇▇▇▇▇▇▇
For: 
['/workspaces/ws/data/shared/screenshots/tutorial/20251203_000645.jpg', '/workspaces/ws/data/shared/screenshots/tutorial/20251203_000650.jpg', '/workspaces/ws/data/shared/screenshots/tutorial/20251203_000655.jpg', '/workspaces/ws/data/shared/screenshots/tutorial/20251203_000700.jpg', '/workspaces/ws/data/shared/screenshots/tutorial/20251203_000705.jpg', '/workspaces/ws/data/shared/screenshots/tutorial/20251203_000710.jpg', '/workspaces/ws/data/shared/screenshots/tutorial/20251203_000715.jpg', '/workspaces/ws/data/shared/screenshots/tutorial/20251203_000720.jpg', '/workspaces/ws/data/shared/screenshots/tutorial/20251203_000725.jpg', '/workspaces/ws/data/shared/screenshots/tutorial/20251203_000730.jpg'] 

 ▇ ▇ ▇ ▇ ▇ ▇ ▇ ▇ ▇ ▇ ▇ ▇ ▇ ▇ ▇ ▇ ▇ ▇ ▇ ▇ ▇ ▇ ▇ ▇ ▇ ▇ ▇ ▇ ▇ ▇  

 Received:
 - The person is speaking directly into a Shure microphone, with their mouth open and facial expressi 
▇▇▇▇▇▇▇▇▇▇▇▇▇▇▇▇▇▇▇▇▇▇▇▇▇▇▇▇▇▇▇▇▇▇▇▇▇▇▇▇▇▇▇▇▇▇▇▇▇▇▇▇▇▇▇▇▇▇▇▇

2025-12-13 00:13:18,894 - [VIA-RETRO] - 
============================================================
Result: [tutorial] ```markdown
DEEECODE
Subscribe for more
```- The person is speaking directly into a Shure
============================================================

2025-12-13 00:13:18,894 - INFO - Processing update from Retro
2025-12-13 00:13:18,895 - INFO - Added observation c858234a-f05c-45f0-9708-5a13b3856cd1 to queue (size: 8)
2025-12-13 00:13:18,945 - [VIA-RETRO] - Processing [468/468]: [tutorial] 20251203_000735.jpg
2025-12-13 00:13:18,945 - [VIA-RETRO] - Processing screenshot: /workspaces/ws/data/shared/screenshots/tutorial/20251203_000735.jpg
2025-12-13 00:13:18,946 - [VIA-RETRO] - Sending 1 image(s) to vision API
2025-12-13 00:13:18 [INVOKE] [Retro Transcription] sent, img_paths: ['/workspaces/ws/data/shared/screenshots/tutorial/20251203_000735.jpg']
2025-12-13 00:13:20 [INVOKE] [Retro Transcription] received
2025-12-13 00:13:20,492 - [VIA-RETRO] - 

▇▇▇▇▇▇▇▇▇▇▇▇▇▇▇▇▇▇▇▇▇▇▇▇▇▇▇▇▇▇▇▇▇▇▇▇▇▇▇▇▇▇▇▇▇▇▇▇▇▇▇▇▇▇▇▇▇▇▇▇
For: 
['/workspaces/ws/data/shared/screenshots/tutorial/20251203_000735.jpg'] 

 ▇ ▇ ▇ ▇ ▇ ▇ ▇ ▇ ▇ ▇ ▇ ▇ ▇ ▇ ▇ ▇ ▇ ▇ ▇ ▇ ▇ ▇ ▇ ▇ ▇ ▇ ▇ ▇ ▇ ▇  

 Received:
 There is no screen content to transcribe. The image provided is a photograph of a person and does no 
▇▇▇▇▇▇▇▇▇▇▇▇▇▇▇▇▇▇▇▇▇▇▇▇▇▇▇▇▇▇▇▇▇▇▇▇▇▇▇▇▇▇▇▇▇▇▇▇▇▇▇▇▇▇▇▇▇▇▇▇

2025-12-13 00:13:20,496 - [VIA-RETRO] - Sending 10 image(s) to vision API
2025-12-13 00:13:20 [INVOKE] [Retro Summary] sent, img_paths: ['/workspaces/ws/data/shared/screenshots/tutorial/20251203_000650.jpg', '/workspaces/ws/data/shared/screenshots/tutorial/20251203_000655.jpg', '/workspaces/ws/data/shared/screenshots/tutorial/20251203_000700.jpg', '/workspaces/ws/data/shared/screenshots/tutorial/20251203_000705.jpg', '/workspaces/ws/data/shared/screenshots/tutorial/20251203_000710.jpg', '/workspaces/ws/data/shared/screenshots/tutorial/20251203_000715.jpg', '/workspaces/ws/data/shared/screenshots/tutorial/20251203_000720.jpg', '/workspaces/ws/data/shared/screenshots/tutorial/20251203_000725.jpg', '/workspaces/ws/data/shared/screenshots/tutorial/20251203_000730.jpg', '/workspaces/ws/data/shared/screenshots/tutorial/20251203_000735.jpg']
2025-12-13 00:13:27 [INVOKE] [Retro Summary] received
2025-12-13 00:13:27,171 - [VIA-RETRO] - 

▇▇▇▇▇▇▇▇▇▇▇▇▇▇▇▇▇▇▇▇▇▇▇▇▇▇▇▇▇▇▇▇▇▇▇▇▇▇▇▇▇▇▇▇▇▇▇▇▇▇▇▇▇▇▇▇▇▇▇▇
For: 
['/workspaces/ws/data/shared/screenshots/tutorial/20251203_000650.jpg', '/workspaces/ws/data/shared/screenshots/tutorial/20251203_000655.jpg', '/workspaces/ws/data/shared/screenshots/tutorial/20251203_000700.jpg', '/workspaces/ws/data/shared/screenshots/tutorial/20251203_000705.jpg', '/workspaces/ws/data/shared/screenshots/tutorial/20251203_000710.jpg', '/workspaces/ws/data/shared/screenshots/tutorial/20251203_000715.jpg', '/workspaces/ws/data/shared/screenshots/tutorial/20251203_000720.jpg', '/workspaces/ws/data/shared/screenshots/tutorial/20251203_000725.jpg', '/workspaces/ws/data/shared/screenshots/tutorial/20251203_000730.jpg', '/workspaces/ws/data/shared/screenshots/tutorial/20251203_000735.jpg'] 

 ▇ ▇ ▇ ▇ ▇ ▇ ▇ ▇ ▇ ▇ ▇ ▇ ▇ ▇ ▇ ▇ ▇ ▇ ▇ ▇ ▇ ▇ ▇ ▇ ▇ ▇ ▇ ▇ ▇ ▇  

 Received:
 - The person is speaking directly into a Shure microphone, with their mouth open and facial expressi 
▇▇▇▇▇▇▇▇▇▇▇▇▇▇▇▇▇▇▇▇▇▇▇▇▇▇▇▇▇▇▇▇▇▇▇▇▇▇▇▇▇▇▇▇▇▇▇▇▇▇▇▇▇▇▇▇▇▇▇▇

2025-12-13 00:13:27,172 - [VIA-RETRO] - 
============================================================
Result: [tutorial] There is no screen content to transcribe. The image provided is a photograph of a person 
============================================================

2025-12-13 00:13:27,172 - INFO - Processing update from Retro
2025-12-13 00:13:27,172 - INFO - Added observation e18da947-ea8a-4a66-80ca-d5a968c133ae to queue (size: 9)
2025-12-13 00:13:27,222 - [VIA-RETRO] - Retro observer completed. Processed 468 images.
2025-12-13 00:13:38 [INVOKE] [Proposition Revise] received
2025-12-13 00:13:42,114 - INFO - Completed processing batch of 5 observations
2025-12-13 00:13:42,121 - INFO - Processing batch of 9 observations
2025-12-13 00:13:42 [INVOKE] [Proposition Construct] sent, img_paths: 
2025-12-13 00:13:55 [INVOKE] [Proposition Construct] received
2025-12-13 00:13:55 [INVOKE] [Proposition Filter] sent, img_paths: 
2025-12-13 00:14:10 [INVOKE] [Proposition Filter] received
2025-12-13 00:14:10,617 - INFO - Applying proposition updates for batch...
2025-12-13 00:14:10 [INVOKE] [Proposition Revise] sent, img_paths: 
2025-12-13 00:15:09 [INVOKE] [Proposition Revise] received
2025-12-13 00:15:14,721 - INFO - Completed processing batch of 9 observations
Terminated
  % Total    % Received % Xferd  Average Speed   Time    Time     Time  Current
                                 Dload  Upload   Total   Spent    Left  Speed
  0     0    0     0    0     0      0      0 --:--:-- --:--:-- --:--:--     0100   158  100   137  100    21   2071    317 --:--:-- --:--:-- --:--:--  2393
{"id":"fcfZRjSywZAu","time":1765660390,"expires":1765703590,"event":"message","topic":"andy-phu-jobs","message":"gum finished on grace"}
